# JRE version: OpenJDK Runtime Environment (8.0_181-b13) (build 1.8.0_181-8u181-b13-0ubuntu0.16.04.1-b13)
# Java VM: OpenJDK 64-Bit Server VM (25.181-b13 mixed mode linux-amd64 compressed oops)
Heap:
 PSYoungGen      total 10252288K, used 218851K [0x0000000580000000, 0x00000007ff500000, 0x0000000800000000)
  eden space 10059776K, 1% used [0x0000000580000000,0x000000058ae5dbb0,0x00000007e6000000)
  from space 192512K, 20% used [0x00000007e6000000,0x00000007e875b090,0x00000007f1c00000)
  to   space 180224K, 0% used [0x00000007f4500000,0x00000007f4500000,0x00000007ff500000)
 ParOldGen       total 3950592K, used 2593088K [0x0000000080000000, 0x0000000171200000, 0x0000000580000000)
  object space 3950592K, 65% used [0x0000000080000000,0x000000011e4503f8,0x0000000171200000)
 Metaspace       used 73606K, capacity 75559K, committed 75800K, reserved 1114112K
  class space    used 10068K, capacity 10720K, committed 10792K, reserved 1048576K
GC Heap History (10 events):
Event: 728.744 GC heap before
{Heap before GC invocations=92 (full 7):
 PSYoungGen      total 10163712K, used 9966324K [0x0000000580000000, 0x00000007fca80000, 0x0000000800000000)
  eden space 9927168K, 100% used [0x0000000580000000,0x00000007dde80000,0x00000007dde80000)
  from space 236544K, 16% used [0x00000007ee380000,0x00000007f09bd138,0x00000007fca80000)
  to   space 251904K, 0% used [0x00000007dde80000,0x00000007dde80000,0x00000007ed480000)
 ParOldGen       total 3950592K, used 2582183K [0x0000000080000000, 0x0000000171200000, 0x0000000580000000)
  object space 3950592K, 65% used [0x0000000080000000,0x000000011d9a9fe8,0x0000000171200000)
 Metaspace       used 73170K, capacity 74987K, committed 75160K, reserved 1114112K
  class space    used 10019K, capacity 10628K, committed 10664K, reserved 1048576K
Event: 728.762 GC heap after
Heap after GC invocations=92 (full 7):
 PSYoungGen      total 10179072K, used 39190K [0x0000000580000000, 0x00000007fef00000, 0x0000000800000000)
  eden space 9927168K, 0% used [0x0000000580000000,0x0000000580000000,0x00000007dde80000)
  from space 251904K, 15% used [0x00000007dde80000,0x00000007e04c5818,0x00000007ed480000)
  to   space 235520K, 0% used [0x00000007f0900000,0x00000007f0900000,0x00000007fef00000)
 ParOldGen       total 3950592K, used 2584504K [0x0000000080000000, 0x0000000171200000, 0x0000000580000000)
  object space 3950592K, 65% used [0x0000000080000000,0x000000011dbee3a0,0x0000000171200000)
 Metaspace       used 73170K, capacity 74987K, committed 75160K, reserved 1114112K
  class space    used 10019K, capacity 10628K, committed 10664K, reserved 1048576K
}
Event: 744.897 GC heap before
{Heap before GC invocations=93 (full 7):
 PSYoungGen      total 10179072K, used 9966358K [0x0000000580000000, 0x00000007fef00000, 0x0000000800000000)
  eden space 9927168K, 100% used [0x0000000580000000,0x00000007dde80000,0x00000007dde80000)
  from space 251904K, 15% used [0x00000007dde80000,0x00000007e04c5818,0x00000007ed480000)
  to   space 235520K, 0% used [0x00000007f0900000,0x00000007f0900000,0x00000007fef00000)
 ParOldGen       total 3950592K, used 2584504K [0x0000000080000000, 0x0000000171200000, 0x0000000580000000)
  object space 3950592K, 65% used [0x0000000080000000,0x000000011dbee3a0,0x0000000171200000)
 Metaspace       used 73311K, capacity 75113K, committed 75160K, reserved 1114112K
  class space    used 10031K, capacity 10651K, committed 10664K, reserved 1048576K
Event: 744.915 GC heap after
Heap after GC invocations=93 (full 7):
 PSYoungGen      total 10204160K, used 38849K [0x0000000580000000, 0x00000007fd200000, 0x0000000800000000)
  eden space 9998336K, 0% used [0x0000000580000000,0x0000000580000000,0x00000007e2400000)
  from space 205824K, 18% used [0x00000007f0900000,0x00000007f2ef0780,0x00000007fd200000)
  to   space 220160K, 0% used [0x00000007e2400000,0x00000007e2400000,0x00000007efb00000)
 ParOldGen       total 3950592K, used 2586827K [0x0000000080000000, 0x0000000171200000, 0x0000000580000000)
  object space 3950592K, 65% used [0x0000000080000000,0x000000011de32e60,0x0000000171200000)
 Metaspace       used 73311K, capacity 75113K, committed 75160K, reserved 1114112K
  class space    used 10031K, capacity 10651K, committed 10664K, reserved 1048576K
}
Event: 761.293 GC heap before
{Heap before GC invocations=94 (full 7):
 PSYoungGen      total 10204160K, used 10037185K [0x0000000580000000, 0x00000007fd200000, 0x0000000800000000)
  eden space 9998336K, 100% used [0x0000000580000000,0x00000007e2400000,0x00000007e2400000)
  from space 205824K, 18% used [0x00000007f0900000,0x00000007f2ef0780,0x00000007fd200000)
  to   space 220160K, 0% used [0x00000007e2400000,0x00000007e2400000,0x00000007efb00000)
 ParOldGen       total 3950592K, used 2586827K [0x0000000080000000, 0x0000000171200000, 0x0000000580000000)
  object space 3950592K, 65% used [0x0000000080000000,0x000000011de32e60,0x0000000171200000)
 Metaspace       used 73408K, capacity 75235K, committed 75544K, reserved 1114112K
  class space    used 10043K, capacity 10673K, committed 10792K, reserved 1048576K
Event: 761.312 GC heap after
Heap after GC invocations=94 (full 7):
 PSYoungGen      total 10218496K, used 39282K [0x0000000580000000, 0x00000007ff200000, 0x0000000800000000)
  eden space 9998336K, 0% used [0x0000000580000000,0x0000000580000000,0x00000007e2400000)
  from space 220160K, 17% used [0x00000007e2400000,0x00000007e4a5c988,0x00000007efb00000)
  to   space 205824K, 0% used [0x00000007f2900000,0x00000007f2900000,0x00000007ff200000)
 ParOldGen       total 3950592K, used 2588864K [0x0000000080000000, 0x0000000171200000, 0x0000000580000000)
  object space 3950592K, 65% used [0x0000000080000000,0x000000011e030040,0x0000000171200000)
 Metaspace       used 73408K, capacity 75235K, committed 75544K, reserved 1114112K
  class space    used 10043K, capacity 10673K, committed 10792K, reserved 1048576K
}
Event: 777.546 GC heap before
{Heap before GC invocations=95 (full 7):
 PSYoungGen      total 10218496K, used 10037618K [0x0000000580000000, 0x00000007ff200000, 0x0000000800000000)
  eden space 9998336K, 100% used [0x0000000580000000,0x00000007e2400000,0x00000007e2400000)
  from space 220160K, 17% used [0x00000007e2400000,0x00000007e4a5c988,0x00000007efb00000)
  to   space 205824K, 0% used [0x00000007f2900000,0x00000007f2900000,0x00000007ff200000)
 ParOldGen       total 3950592K, used 2588864K [0x0000000080000000, 0x0000000171200000, 0x0000000580000000)
  object space 3950592K, 65% used [0x0000000080000000,0x000000011e030040,0x0000000171200000)
 Metaspace       used 73506K, capacity 75363K, committed 75544K, reserved 1114112K
  class space    used 10055K, capacity 10696K, committed 10792K, reserved 1048576K
Event: 777.564 GC heap after
Heap after GC invocations=95 (full 7):
 PSYoungGen      total 10238976K, used 39940K [0x0000000580000000, 0x00000007fd800000, 0x0000000800000000)
  eden space 10059776K, 0% used [0x0000000580000000,0x0000000580000000,0x00000007e6000000)
  from space 179200K, 22% used [0x00000007f2900000,0x00000007f5001278,0x00000007fd800000)
  to   space 192512K, 0% used [0x00000007e6000000,0x00000007e6000000,0x00000007f1c00000)
 ParOldGen       total 3950592K, used 2590956K [0x0000000080000000, 0x0000000171200000, 0x0000000580000000)
  object space 3950592K, 65% used [0x0000000080000000,0x000000011e23b220,0x0000000171200000)
 Metaspace       used 73506K, capacity 75363K, committed 75544K, reserved 1114112K
  class space    used 10055K, capacity 10696K, committed 10792K, reserved 1048576K
}
Event: 793.859 GC heap before
{Heap before GC invocations=96 (full 7):
 PSYoungGen      total 10238976K, used 10099716K [0x0000000580000000, 0x00000007fd800000, 0x0000000800000000)
  eden space 10059776K, 100% used [0x0000000580000000,0x00000007e6000000,0x00000007e6000000)
  from space 179200K, 22% used [0x00000007f2900000,0x00000007f5001278,0x00000007fd800000)
  to   space 192512K, 0% used [0x00000007e6000000,0x00000007e6000000,0x00000007f1c00000)
 ParOldGen       total 3950592K, used 2590956K [0x0000000080000000, 0x0000000171200000, 0x0000000580000000)
  object space 3950592K, 65% used [0x0000000080000000,0x000000011e23b220,0x0000000171200000)
 Metaspace       used 73606K, capacity 75559K, committed 75800K, reserved 1114112K
  class space    used 10068K, capacity 10720K, committed 10792K, reserved 1048576K
Event: 793.878 GC heap after
Heap after GC invocations=96 (full 7):
 PSYoungGen      total 10252288K, used 40300K [0x0000000580000000, 0x00000007ff500000, 0x0000000800000000)
  eden space 10059776K, 0% used [0x0000000580000000,0x0000000580000000,0x00000007e6000000)
  from space 192512K, 20% used [0x00000007e6000000,0x00000007e875b090,0x00000007f1c00000)
  to   space 180224K, 0% used [0x00000007f4500000,0x00000007f4500000,0x00000007ff500000)
 ParOldGen       total 3950592K, used 2593088K [0x0000000080000000, 0x0000000171200000, 0x0000000580000000)
  object space 3950592K, 65% used [0x0000000080000000,0x000000011e4503f8,0x0000000171200000)
 Metaspace       used 73606K, capacity 75559K, committed 75800K, reserved 1114112K
  class space    used 10068K, capacity 10720K, committed 10792K, reserved 1048576K
}

